Info : Unable to match requested speed 2000 kHz, using 1800 kHz
Info : Unable to match requested speed 2000 kHz, using 1800 kHz
Info : clock speed 1800 kHz
Info : STLINK v2 JTAG v28 API v2 SWIM v18 VID 0x0483 PID 0x374B
Info : using stlink api v2
Info : Target voltage: 3.241497
Info : stm32f4x.cpu: hardware has 6 breakpoints, 4 watchpoints
Info : accepting 'gdb' connection from pipe
Info : device id = 0x10006421
Info : flash size = 512kbytes
undefined debug reason 7 - target needs reset
target state: halted
target halted due to debug-request, current mode: Thread 
xPSR: 0x01000000 pc: 0x0800171c msp: 0x20020000
target state: halted
target halted due to breakpoint, current mode: Thread 
xPSR: 0x61000000 pc: 0x20000042 msp: 0x20020000
target state: halted
target halted due to debug-request, current mode: Thread 
xPSR: 0x01000000 pc: 0x0800171c msp: 0x20020000
target state: halted
target halted due to debug-request, current mode: Thread 
xPSR: 0x01000000 pc: 0x0800171c msp: 0x20020000
Info : halted: PC: 0x08001152
Info : halted: PC: 0x08001154
Info : halted: PC: 0x08001156
Info : halted: PC: 0x08000440
Info : halted: PC: 0x08000442
Info : halted: PC: 0x08000446
Info : halted: PC: 0x08000448
Info : halted: PC: 0x0800044a
Info : halted: PC: 0x0800c48c
Info : halted: PC: 0x0800c48e
Info : halted: PC: 0x0800c492
Info : halted: PC: 0x0800c496
Info : halted: PC: 0x0800c49a
Info : halted: PC: 0x0800c49c
Info : halted: PC: 0x0800c4a0
Info : halted: PC: 0x0800c4a2
Info : halted: PC: 0x0800c4a6
Info : halted: PC: 0x0800c4aa
Info : halted: PC: 0x0800c4ae
Info : halted: PC: 0x0800c4b2
Info : halted: PC: 0x0800c4b6
Info : halted: PC: 0x0800c4ba
Info : halted: PC: 0x0800c4be
Info : halted: PC: 0x0800c4c0
Info : halted: PC: 0x0800c4c2
Info : halted: PC: 0x0800c4de
Info : halted: PC: 0x0800c4e0
Info : halted: PC: 0x0800c4e2
Info : halted: PC: 0x0800c4e4
Info : halted: PC: 0x0800c4e8
Info : halted: PC: 0x0800c4ec
Info : halted: PC: 0x0800c4f0
Info : halted: PC: 0x0800c4f4
Info : halted: PC: 0x0800c4fc
Info : halted: PC: 0x0800c500
Info : halted: PC: 0x0800c504
Info : halted: PC: 0x0800c508
Info : halted: PC: 0x0800c510
Info : halted: PC: 0x0800c514
Info : halted: PC: 0x0800c518
Info : halted: PC: 0x0800c51c
Info : halted: PC: 0x0800c520
Info : halted: PC: 0x0800c522
Info : halted: PC: 0x0800c526
Info : halted: PC: 0x0800c52a
Info : halted: PC: 0x0800c52c
Info : halted: PC: 0x0800c530
Info : halted: PC: 0x0800c534
Info : halted: PC: 0x0800c536
Info : halted: PC: 0x0800c53a
Info : halted: PC: 0x0800c53c
Info : halted: PC: 0x0800c55c
Info : halted: PC: 0x0800c560
Info : halted: PC: 0x0800c572
Info : halted: PC: 0x0800c576
Info : halted: PC: 0x0800c578
Info : halted: PC: 0x0800c57c
Info : halted: PC: 0x0800c598
Info : halted: PC: 0x0800c59c
Info : halted: PC: 0x0800c59e
Info : halted: PC: 0x0800c5a2
Info : halted: PC: 0x0800c5a6
Info : halted: PC: 0x0800c5aa
Info : halted: PC: 0x0800c5ae
Info : halted: PC: 0x0800044e
Info : halted: PC: 0x0800cdb4
Info : halted: PC: 0x0800cdb8
Info : halted: PC: 0x0800cdbc
Info : halted: PC: 0x0800cdbe
Info : halted: PC: 0x0800cdc2
Info : halted: PC: 0x0800cdc6
Info : halted: PC: 0x0800cdc8
Info : halted: PC: 0x0800cdcc
Info : halted: PC: 0x0800cdd0
Info : halted: PC: 0x0800cdd4
Info : halted: PC: 0x0800cdd8
Info : halted: PC: 0x0800cddc
Info : halted: PC: 0x0800cdde
Info : halted: PC: 0x0800cde2
Info : halted: PC: 0x08000452
Info : halted: PC: 0x08000456
Info : halted: PC: 0x0800045a
Info : halted: PC: 0x0800045e
Info : halted: PC: 0x08000462
Info : halted: PC: 0x08000386
Info : halted: PC: 0x0800038a
Info : halted: PC: 0x0800c748
Info : halted: PC: 0x0800c74a
Info : halted: PC: 0x0800c74e
Info : halted: PC: 0x0800c752
Info : halted: PC: 0x0800c756
Info : halted: PC: 0x0800c758
Info : halted: PC: 0x0800c75c
Info : halted: PC: 0x0800c760
Info : halted: PC: 0x0800c764
Info : halted: PC: 0x0800038e
Info : halted: PC: 0x08000390
Info : halted: PC: 0x08000394
Info : halted: PC: 0x08000396
Info : halted: PC: 0x08000398
Info : halted: PC: 0x0800c7f0
Info : halted: PC: 0x0800c7f2
Info : halted: PC: 0x0800c7f6
Info : halted: PC: 0x0800c7fa
Info : halted: PC: 0x0800c7fe
Info : halted: PC: 0x0800c800
Info : halted: PC: 0x0800c804
Info : halted: PC: 0x0800c808
Info : halted: PC: 0x0800c80c
Info : halted: PC: 0x0800c810
Info : halted: PC: 0x0800c812
Info : halted: PC: 0x0800c816
Info : halted: PC: 0x0800c81a
Info : halted: PC: 0x0800c81e
Info : halted: PC: 0x0800c822
Info : halted: PC: 0x0800c824
Info : halted: PC: 0x0800c828
Info : halted: PC: 0x0800c82c
Info : halted: PC: 0x0800c830
Info : halted: PC: 0x0800c832
Info : halted: PC: 0x0800c836
Info : halted: PC: 0x0800c83a
Info : halted: PC: 0x0800c83e
Info : halted: PC: 0x0800c842
Info : halted: PC: 0x0800c846
Info : halted: PC: 0x0800c84a
Info : halted: PC: 0x0800c84e
Info : halted: PC: 0x0800c852
Info : halted: PC: 0x0800c854
Info : halted: PC: 0x0800c858
Info : halted: PC: 0x0800c85c
Info : halted: PC: 0x0800c860
Info : halted: PC: 0x0800c864
Info : halted: PC: 0x0800c866
Info : halted: PC: 0x0800c86a
Info : halted: PC: 0x0800c86c
Info : halted: PC: 0x0800c870
Info : halted: PC: 0x0800c874
Info : halted: PC: 0x0800c878
Info : halted: PC: 0x0800c87c
Info : halted: PC: 0x0800c880
Info : halted: PC: 0x0800c884
Info : halted: PC: 0x0800c888
Info : halted: PC: 0x0800c88a
Info : halted: PC: 0x0800c88e
Info : halted: PC: 0x0800c890
Info : halted: PC: 0x0800c894
Info : halted: PC: 0x0800c896
Info : halted: PC: 0x0800c89a
Info : halted: PC: 0x0800c89e
Info : halted: PC: 0x0800c8a2
Info : halted: PC: 0x0800039c
Info : halted: PC: 0x0800039e
Info : halted: PC: 0x080003a0
Info : halted: PC: 0x0800ca44
Info : halted: PC: 0x0800ca46
Info : halted: PC: 0x0800ca4a
Info : halted: PC: 0x0800ca4e
Info : halted: PC: 0x0800ca52
Info : halted: PC: 0x0800ca54
Info : halted: PC: 0x0800ca58
Info : halted: PC: 0x0800ca5c
Info : halted: PC: 0x0800ca60
Info : halted: PC: 0x0800ca64
Info : halted: PC: 0x0800ca68
Info : halted: PC: 0x0800ca6c
Info : halted: PC: 0x0800ca70
Info : halted: PC: 0x0800ca74
Info : halted: PC: 0x0800ca78
Info : halted: PC: 0x0800ca7c
Info : halted: PC: 0x0800ca80
Info : halted: PC: 0x0800ca84
Info : halted: PC: 0x0800ca88
Info : halted: PC: 0x0800ca8c
Info : halted: PC: 0x0800ca90
Info : halted: PC: 0x0800ca94
Info : halted: PC: 0x0800ca98
Info : halted: PC: 0x0800ca9c
Info : halted: PC: 0x0800ca9e
Info : halted: PC: 0x0800caa0
Info : halted: PC: 0x0800caa2
Info : halted: PC: 0x0800caa6
Info : halted: PC: 0x0800caaa
Info : halted: PC: 0x0800cab2
Info : halted: PC: 0x0800cab4
Info : halted: PC: 0x0800cab8
Info : halted: PC: 0x0800caba
Info : halted: PC: 0x0800cabe
Info : halted: PC: 0x0800cac2
Info : halted: PC: 0x0800cac6
Info : halted: PC: 0x0800caca
Info : halted: PC: 0x0800cace
Info : halted: PC: 0x0800cad0
Info : halted: PC: 0x0800cad2
Info : halted: PC: 0x0800cad4
Info : halted: PC: 0x0800cad8
Info : halted: PC: 0x0800cada
Info : halted: PC: 0x0800cade
Info : halted: PC: 0x0800cae2
Info : halted: PC: 0x0800cae6
Info : halted: PC: 0x0800cae8
Info : halted: PC: 0x0800caea
Info : halted: PC: 0x0800caec
Info : halted: PC: 0x0800caf0
Info : halted: PC: 0x0800caf2
Info : halted: PC: 0x0800caf6
Info : halted: PC: 0x0800cafa
Info : halted: PC: 0x0800cafe
Info : halted: PC: 0x0800cb00
Info : halted: PC: 0x0800cb02
Info : halted: PC: 0x0800cb04
Info : halted: PC: 0x0800cb08
Info : halted: PC: 0x0800cb0a
Info : halted: PC: 0x0800cb0e
Info : halted: PC: 0x0800cb12
Info : halted: PC: 0x0800cb16
Info : halted: PC: 0x0800cb18
Info : halted: PC: 0x0800cb1a
Info : halted: PC: 0x0800cb1c
Info : halted: PC: 0x0800cb20
Info : halted: PC: 0x0800cb24
Info : halted: PC: 0x0800cb26
Info : halted: PC: 0x0800cb2a
Info : halted: PC: 0x0800cb2e
Info : halted: PC: 0x0800cb32
Info : halted: PC: 0x0800cb36
Info : halted: PC: 0x0800cb3a
Info : halted: PC: 0x0800cb3e
Info : halted: PC: 0x0800cb42
Info : halted: PC: 0x0800cac6
Info : halted: PC: 0x0800caca
Info : halted: PC: 0x0800cace
Info : halted: PC: 0x0800cad0
Info : halted: PC: 0x0800cad2
Info : halted: PC: 0x0800cad4
Info : halted: PC: 0x0800cad8
Info : halted: PC: 0x0800cada
Info : halted: PC: 0x0800cade
Info : halted: PC: 0x0800cae2
Info : halted: PC: 0x0800cae6
Info : halted: PC: 0x0800cae8
Info : halted: PC: 0x0800caea
Info : halted: PC: 0x0800caec
Info : halted: PC: 0x0800caf0
Info : halted: PC: 0x0800caf2
Info : halted: PC: 0x0800caf6
Info : halted: PC: 0x0800cafa
Info : halted: PC: 0x0800cafe
Info : halted: PC: 0x0800cb00
Info : halted: PC: 0x0800cb02
Info : halted: PC: 0x0800cb04
Info : halted: PC: 0x0800cb08
Info : halted: PC: 0x0800cb0a
Info : halted: PC: 0x0800cb0e
Info : halted: PC: 0x0800cb12
Info : halted: PC: 0x0800cb16
Info : halted: PC: 0x0800cb18
Info : halted: PC: 0x0800cb1a
Info : halted: PC: 0x0800cb1c
Info : halted: PC: 0x0800cb20
Info : halted: PC: 0x0800cb24
Info : halted: PC: 0x0800cb26
Info : halted: PC: 0x0800cb2a
Info : halted: PC: 0x0800cb2e
Info : halted: PC: 0x0800cb32
Info : halted: PC: 0x0800cb36
Info : halted: PC: 0x0800cb3a
Info : halted: PC: 0x0800cb3e
Info : halted: PC: 0x0800cb42
Info : halted: PC: 0x0800cac6
Info : halted: PC: 0x0800caca
Info : halted: PC: 0x0800cace
Info : halted: PC: 0x0800cad0
Info : halted: PC: 0x0800cad2
Info : halted: PC: 0x0800cad4
Info : halted: PC: 0x0800cad8
Info : halted: PC: 0x0800cada
Info : halted: PC: 0x0800cade
Info : halted: PC: 0x0800cae2
Info : halted: PC: 0x0800cae6
Info : halted: PC: 0x0800cae8
Info : halted: PC: 0x0800caea
Info : halted: PC: 0x0800caec
Info : halted: PC: 0x0800caf0
Info : halted: PC: 0x0800caf2
Info : halted: PC: 0x0800caf6
Info : halted: PC: 0x0800cafa
Info : halted: PC: 0x0800cafe
Info : halted: PC: 0x0800cb00
Info : halted: PC: 0x0800cb02
Info : halted: PC: 0x0800cb04
Info : halted: PC: 0x0800cb08
Info : halted: PC: 0x0800cb0a
Info : halted: PC: 0x0800cb0e
Info : halted: PC: 0x0800cb12
Info : halted: PC: 0x0800cb16
Info : halted: PC: 0x0800cb18
Info : halted: PC: 0x0800cb1a
Info : halted: PC: 0x0800cb1c
Info : halted: PC: 0x0800cb20
Info : halted: PC: 0x0800cb24
Info : halted: PC: 0x0800cb26
Info : halted: PC: 0x0800cb2a
Info : halted: PC: 0x0800cb2e
Info : halted: PC: 0x0800cb32
Info : halted: PC: 0x0800cb36
Info : halted: PC: 0x0800cb3a
Info : halted: PC: 0x0800cb3e
Info : halted: PC: 0x0800cb42
Info : halted: PC: 0x0800cac6
Info : halted: PC: 0x0800caca
Info : halted: PC: 0x0800cace
Info : halted: PC: 0x0800cad0
Info : halted: PC: 0x0800cad2
Info : halted: PC: 0x0800cad4
Info : halted: PC: 0x0800cad8
Info : halted: PC: 0x0800cada
Info : halted: PC: 0x0800cade
Info : halted: PC: 0x0800cae2
Info : halted: PC: 0x0800cae6
Info : halted: PC: 0x0800cae8
Info : halted: PC: 0x0800caea
Info : halted: PC: 0x0800caec
Info : halted: PC: 0x0800caf0
Info : halted: PC: 0x0800caf2
Info : halted: PC: 0x0800caf6
Info : halted: PC: 0x0800cafa
Info : halted: PC: 0x0800cafe
Info : halted: PC: 0x0800cb00
Info : halted: PC: 0x0800cb02
Info : halted: PC: 0x0800cb04
Info : halted: PC: 0x0800cb08
Info : halted: PC: 0x0800cb0a
Info : halted: PC: 0x0800cb0e
Info : halted: PC: 0x0800cb12
Info : halted: PC: 0x0800cb16
Info : halted: PC: 0x0800cb18
Info : halted: PC: 0x0800cb1a
Info : halted: PC: 0x0800cb1c
Info : halted: PC: 0x0800cb20
Info : halted: PC: 0x0800cb24
Info : halted: PC: 0x0800cb26
Info : halted: PC: 0x0800cb2a
Info : halted: PC: 0x0800cb2e
Info : halted: PC: 0x0800cb32
Info : halted: PC: 0x0800cb36
Info : halted: PC: 0x0800cb3a
Info : halted: PC: 0x0800cb3e
Info : halted: PC: 0x0800cb42
Info : halted: PC: 0x0800cac6
Info : halted: PC: 0x0800caca
Info : halted: PC: 0x0800cace
Info : halted: PC: 0x0800cad0
Info : halted: PC: 0x0800cad2
Info : halted: PC: 0x0800cad4
Info : halted: PC: 0x0800cad8
Info : halted: PC: 0x0800cada
Info : halted: PC: 0x0800cade
Info : halted: PC: 0x0800cae2
Info : halted: PC: 0x0800cae6
Info : halted: PC: 0x0800cae8
Info : halted: PC: 0x0800caea
Info : halted: PC: 0x0800caec
Info : halted: PC: 0x0800caf0
Info : halted: PC: 0x0800caf2
Info : halted: PC: 0x0800caf6
Info : halted: PC: 0x0800cafa
Info : halted: PC: 0x0800cafe
Info : halted: PC: 0x0800cb00
Info : halted: PC: 0x0800cb02
Info : halted: PC: 0x0800cb04
Info : halted: PC: 0x0800cb08
Info : halted: PC: 0x0800cb0a
Info : halted: PC: 0x0800cb0e
Info : halted: PC: 0x0800cb12
Info : halted: PC: 0x0800cb16
Info : halted: PC: 0x0800cb18
Info : halted: PC: 0x0800cb1a
Info : halted: PC: 0x0800cb1c
Info : halted: PC: 0x0800cb20
Info : halted: PC: 0x0800cb24
Info : halted: PC: 0x0800cb26
Info : halted: PC: 0x0800cb2a
Info : halted: PC: 0x0800cb2e
Info : halted: PC: 0x0800cb32
Info : halted: PC: 0x0800cb36
Info : halted: PC: 0x0800cb3a
Info : halted: PC: 0x0800cb3e
Info : halted: PC: 0x0800cb42
Info : halted: PC: 0x0800cb44
Info : halted: PC: 0x0800cb48
Info : halted: PC: 0x0800cb4a
Info : halted: PC: 0x0800cb4e
Info : halted: PC: 0x0800cb52
Info : halted: PC: 0x0800cb56
Info : halted: PC: 0x0800cac6
Info : halted: PC: 0x0800caca
Info : halted: PC: 0x0800cace
Info : halted: PC: 0x0800cad0
Info : halted: PC: 0x0800cad2
Info : halted: PC: 0x0800cad4
Info : halted: PC: 0x0800cad8
Info : halted: PC: 0x0800cada
Info : halted: PC: 0x0800cade
Info : halted: PC: 0x0800cae2
Info : halted: PC: 0x0800cae6
Info : halted: PC: 0x0800cae8
Info : halted: PC: 0x0800caea
Info : halted: PC: 0x0800caec
Info : halted: PC: 0x0800caf0
Info : halted: PC: 0x0800caf2
Info : halted: PC: 0x0800caf6
Info : halted: PC: 0x0800cafa
Info : halted: PC: 0x0800cafe
Info : halted: PC: 0x0800cb00
Info : halted: PC: 0x0800cb02
Info : halted: PC: 0x0800cb04
Info : halted: PC: 0x0800cb08
Info : halted: PC: 0x0800cb0a
Info : halted: PC: 0x0800cb0e
Info : halted: PC: 0x0800cb12
Info : halted: PC: 0x0800cb16
Info : halted: PC: 0x0800cb18
Info : halted: PC: 0x0800cb1a
Info : halted: PC: 0x0800cb1c
Info : halted: PC: 0x0800cb20
Info : halted: PC: 0x0800cb24
Info : halted: PC: 0x0800cb26
Info : halted: PC: 0x0800cb2a
Info : halted: PC: 0x0800cb2e
Info : halted: PC: 0x0800cb32
Info : halted: PC: 0x0800cb36
Info : halted: PC: 0x0800cb3a
Info : halted: PC: 0x0800cb3e
Info : halted: PC: 0x0800cb42
Info : halted: PC: 0x0800cac6
Info : halted: PC: 0x0800caca
Info : halted: PC: 0x0800cace
Info : halted: PC: 0x0800cad0
Info : halted: PC: 0x0800cad2
Info : halted: PC: 0x0800cad4
Info : halted: PC: 0x0800cad8
Info : halted: PC: 0x0800cada
Info : halted: PC: 0x0800cade
Info : halted: PC: 0x0800cae2
Info : halted: PC: 0x0800cae6
Info : halted: PC: 0x0800cae8
Info : halted: PC: 0x0800caea
Info : halted: PC: 0x0800caec
Info : halted: PC: 0x0800caf0
Info : halted: PC: 0x0800caf2
Info : halted: PC: 0x0800caf6
Info : halted: PC: 0x0800cafa
Info : halted: PC: 0x0800cafe
Info : halted: PC: 0x0800cb00
Info : halted: PC: 0x0800cb02
Info : halted: PC: 0x0800cb04
Info : halted: PC: 0x0800cb08
Info : halted: PC: 0x0800cb0a
Info : halted: PC: 0x0800cb0e
Info : halted: PC: 0x0800cb12
Info : halted: PC: 0x0800cb16
Info : halted: PC: 0x0800cb18
Info : halted: PC: 0x0800cb1a
Info : halted: PC: 0x0800cb1c
Info : halted: PC: 0x0800cb20
Info : halted: PC: 0x0800cb24
Info : halted: PC: 0x0800cb26
Info : halted: PC: 0x0800cb2a
Info : halted: PC: 0x0800cb2e
Info : halted: PC: 0x0800cb32
Info : halted: PC: 0x0800cb36
Info : halted: PC: 0x0800cb3a
Info : halted: PC: 0x0800cb3e
Info : halted: PC: 0x0800cb42
Info : halted: PC: 0x0800cac6
Info : halted: PC: 0x0800caca
Info : halted: PC: 0x0800cace
Info : halted: PC: 0x0800cad0
Info : halted: PC: 0x0800cad2
Info : halted: PC: 0x0800cad4
Info : halted: PC: 0x0800cad8
Info : halted: PC: 0x0800cada
Info : halted: PC: 0x0800cade
Info : halted: PC: 0x0800cae2
Info : halted: PC: 0x0800cae6
Info : halted: PC: 0x0800cae8
Info : halted: PC: 0x0800caea
Info : halted: PC: 0x0800caec
Info : halted: PC: 0x0800caf0
Info : halted: PC: 0x0800caf2
Info : halted: PC: 0x0800caf6
Info : halted: PC: 0x0800cafa
Info : halted: PC: 0x0800cafe
Info : halted: PC: 0x0800cb00
Info : halted: PC: 0x0800cb02
Info : halted: PC: 0x0800cb04
Info : halted: PC: 0x0800cb08
Info : halted: PC: 0x0800cb0a
Info : halted: PC: 0x0800cb0e
Info : halted: PC: 0x0800cb12
Info : halted: PC: 0x0800cb16
Info : halted: PC: 0x0800cb18
Info : halted: PC: 0x0800cb1a
Info : halted: PC: 0x0800cb1c
Info : halted: PC: 0x0800cb20
Info : halted: PC: 0x0800cb24
Info : halted: PC: 0x0800cb26
Info : halted: PC: 0x0800cb2a
Info : halted: PC: 0x0800cb2e
Info : halted: PC: 0x0800cb32
Info : halted: PC: 0x0800cb36
Info : halted: PC: 0x0800cb3a
Info : halted: PC: 0x0800cb3e
Info : halted: PC: 0x0800cb42
Info : halted: PC: 0x0800cac6
Info : halted: PC: 0x0800caca
Info : halted: PC: 0x0800cace
Info : halted: PC: 0x0800cad0
Info : halted: PC: 0x0800cad2
Info : halted: PC: 0x0800cad4
Info : halted: PC: 0x0800cad8
Info : halted: PC: 0x0800cada
Info : halted: PC: 0x0800cade
Info : halted: PC: 0x0800cae2
Info : halted: PC: 0x0800cae6
Info : halted: PC: 0x0800cae8
Info : halted: PC: 0x0800caea
Info : halted: PC: 0x0800caec
Info : halted: PC: 0x0800caf0
Info : halted: PC: 0x0800caf2
Info : halted: PC: 0x0800caf6
Info : halted: PC: 0x0800cafa
Info : halted: PC: 0x0800cafe
Info : halted: PC: 0x0800cb00
Info : halted: PC: 0x0800cb02
Info : halted: PC: 0x0800cb04
Info : halted: PC: 0x0800cb08
Info : halted: PC: 0x0800cb0a
Info : halted: PC: 0x0800cb0e
Info : halted: PC: 0x0800cb12
Info : halted: PC: 0x0800cb16
Info : halted: PC: 0x0800cb18
Info : halted: PC: 0x0800cb1a
Info : halted: PC: 0x0800cb1c
Info : halted: PC: 0x0800cb20
Info : halted: PC: 0x0800cb24
Info : halted: PC: 0x0800cb26
Info : halted: PC: 0x0800cb2a
Info : halted: PC: 0x0800cb2e
Info : halted: PC: 0x0800cb32
Info : halted: PC: 0x0800cb36
Info : halted: PC: 0x0800cb3a
Info : halted: PC: 0x0800cb3e
Info : halted: PC: 0x0800cb42
Info : halted: PC: 0x0800cac6
Info : halted: PC: 0x0800caca
Info : halted: PC: 0x0800cace
Info : halted: PC: 0x0800cad0
Info : halted: PC: 0x0800cad2
Info : halted: PC: 0x0800cad4
Info : halted: PC: 0x0800cad8
Info : halted: PC: 0x0800cada
Info : halted: PC: 0x0800cade
Info : halted: PC: 0x0800cae2
Info : halted: PC: 0x0800cae6
Info : halted: PC: 0x0800cae8
Info : halted: PC: 0x0800caea
Info : halted: PC: 0x0800caec
Info : halted: PC: 0x0800caf0
Info : halted: PC: 0x0800caf2
Info : halted: PC: 0x0800caf6
Info : halted: PC: 0x0800cafa
Info : halted: PC: 0x0800cafe
Info : halted: PC: 0x0800cb00
Info : halted: PC: 0x0800cb02
Info : halted: PC: 0x0800cb04
Info : halted: PC: 0x0800cb08
Info : halted: PC: 0x0800cb0a
Info : halted: PC: 0x0800cb0e
Info : halted: PC: 0x0800cb12
Info : halted: PC: 0x0800cb16
Info : halted: PC: 0x0800cb18
Info : halted: PC: 0x0800cb1a
Info : halted: PC: 0x0800cb1c
Info : halted: PC: 0x0800cb20
Info : halted: PC: 0x0800cb24
Info : halted: PC: 0x0800cb26
Info : halted: PC: 0x0800cb2a
Info : halted: PC: 0x0800cb2e
Info : halted: PC: 0x0800cb32
Info : halted: PC: 0x0800cb36
Info : halted: PC: 0x0800cb3a
Info : halted: PC: 0x0800cb3e
Info : halted: PC: 0x0800cb42
Info : halted: PC: 0x0800cac6
Info : halted: PC: 0x0800caca
Info : halted: PC: 0x0800cace
Info : halted: PC: 0x0800cad0
Info : halted: PC: 0x0800cad2
Info : halted: PC: 0x0800cad4
Info : halted: PC: 0x0800cad8
Info : halted: PC: 0x0800cada
Info : halted: PC: 0x0800cade
Info : halted: PC: 0x0800cae2
Info : halted: PC: 0x0800cae6
Info : halted: PC: 0x0800cae8
Info : halted: PC: 0x0800caea
Info : halted: PC: 0x0800caec
Info : halted: PC: 0x0800caf0
Info : halted: PC: 0x0800caf2
Info : halted: PC: 0x0800caf6
Info : halted: PC: 0x0800cafa
Info : halted: PC: 0x0800cafe
Info : halted: PC: 0x0800cb00
Info : halted: PC: 0x0800cb02
Info : halted: PC: 0x0800cb04
Info : halted: PC: 0x0800cb08
Info : halted: PC: 0x0800cb0a
Info : halted: PC: 0x0800cb0e
Info : halted: PC: 0x0800cb12
Info : halted: PC: 0x0800cb16
Info : halted: PC: 0x0800cb18
Info : halted: PC: 0x0800cb1a
Info : halted: PC: 0x0800cb1c
Info : halted: PC: 0x0800cb20
Info : halted: PC: 0x0800cb24
Info : halted: PC: 0x0800cb26
Info : halted: PC: 0x0800cb2a
Info : halted: PC: 0x0800cb2e
Info : halted: PC: 0x0800cb32
Info : halted: PC: 0x0800cb36
Info : halted: PC: 0x0800cb3a
Info : halted: PC: 0x0800cb3e
Warn : target stm32f4x.cpu is not halted
Error: can't add breakpoint: target running
Warn : WARNING! The target is already running. All changes GDB did to registers will be discarded! Waiting for target to halt.
Debugger detaching: resuming execution.
Debugger detaching: resuming execution.
Warn : target not halted


Info : dropped 'gdb' connection
